### Custom WaveView ADV log file, revision U-2023.03-SP2 (build Aug 24, ) ###
### created at 10:06:35 on Sun Mar 10 2024 (Linux AMD64) ###
### Host Name: redhat003   User ID: Leiva_Solano_I_2024_vlsi   PID: 589318   ###
wv_start_log
# (0) running in waveview only mode
# (0) SW_SX_PERL_LIB defined
# (0) SW_SX_TCL_LIB defined
# (0) HOME defined
sx_open_sim_file_read {inversor.tr0}
wv_select_tree_item {Custom WaveView} {} {hierview} {D0:inversor.tr0(0)} {0} {+sep=@}
wv_expand_tree_item {Custom WaveView} {} {hierview} {D0:inversor.tr0(0)} {+sep=@}
wv_select_tree_item {Custom WaveView} {} {hierview} {D0:inversor.tr0(0)} {0} {+sep=@}
wv_select_tree_item {Custom WaveView} {} {hierview} {D0:inversor.tr0(0)@toplevel(0)} {0} {+sep=@}
wv_select_tree_item {Custom WaveView} {} {hierview} {D0:inversor.tr0(0)@toplevel(0)} {0} {+sep=@}
wv_drag_tree_item {Custom WaveView} {} {hierview} {D0:inversor.tr0(0)@toplevel(0)} {+sep=@}
wv_select_tree_item {Custom WaveView} {} {hierview} {D0:inversor.tr0(0)@toplevel(0)} {0} {+sep=@}
wv_drag_enter WV1
wv_drop_on WV1
wv_close_window {Custom WaveView} 
wv_move_window {Confirmation} {} 539 306
wv_move_window {Confirmation} {} 549 309
wv_select_dialog {Confirmation} 
#wv_press_button {Confirmation} {} {Ok} 
