### Custom WaveView ADV log file, revision U-2023.03-SP2 (build Aug 24, ) ###
### created at 22:12:33 on Mon Mar  4 2024 (Linux AMD64) ###
### Host Name: redhat003   User ID: Sulecio_Hidalgo_I_2024_vlsi   PID: 244137   ###
wv_start_log
# (0) running in waveview only mode
# (0) SW_SX_PERL_LIB defined
# (0) SW_SX_TCL_LIB defined
# (0) HOME defined
sx_open_sim_file_read {inversor_b.tr0}
wv_expand_tree_item {Custom WaveView} {} {hierview} {D0:inversor_b.tr0(0)} {+sep=@}
wv_select_tree_item {Custom WaveView} {} {hierview} {D0:inversor_b.tr0(0)@toplevel(0)} {0} {+sep=@}
wv_select_list_item {Custom WaveView} {} {sigview} {i(vin)} 1
wv_select_list_item {Custom WaveView} {} {sigview} {v(a)} 3
wv_select_list_item {Custom WaveView} {} {sigview} {v(d)} 6
wv_select_list_item {Custom WaveView} {} {sigview} {v(vdd)} 9
wv_select_list_item {Custom WaveView} {} {sigview} {v(f)} 8
wv_dclick_list_item {Custom WaveView} {} {sigview} {v(f)} 8
wv_select_list_item {Custom WaveView} {} {sigview} {v(e)} 7
wv_dclick_list_item {Custom WaveView} {} {sigview} {v(e)} 7
wv_select_list_item {Custom WaveView} {} {sigview} {v(d)} 6
wv_select_list_item {Custom WaveView} {} {sigview} {v(d)} 6
wv_select_list_item {Custom WaveView} {} {sigview} {v(c)} 5
wv_dclick_list_item {Custom WaveView} {} {sigview} {v(c)} 5
wv_select_list_item {Custom WaveView} {} {sigview} {v(d)} 6
wv_dclick_list_item {Custom WaveView} {} {sigview} {v(d)} 6
wv_select_list_item {Custom WaveView} {} {sigview} {v(a)} 3
wv_dclick_list_item {Custom WaveView} {} {sigview} {v(a)} 3
wv_select_list_item {Custom WaveView} {} {sigview} {v(c)} 5
wv_dclick_list_item {Custom WaveView} {} {sigview} {v(c)} 5
wv_close_window {Custom WaveView} 
wv_move_window {Confirmation} {} 590 312
wv_move_window {Confirmation} {} 600 315
wv_select_dialog {Confirmation} 
#wv_press_button {Confirmation} {} {Ok} 
